<html>
<head>
<title>TestNG:  Finance Test</title>
<link href="../testng.css" rel="stylesheet" type="text/css" />
<link href="../my-testng.css" rel="stylesheet" type="text/css" />

<style type="text/css">
.log { display: none;} 
.stack-trace { display: none;} 
</style>
<script type="text/javascript">
<!--
function flip(e) {
  current = e.style.display;
  if (current == 'block') {
    e.style.display = 'none';
    return 0;
  }
  else {
    e.style.display = 'block';
    return 1;
  }
}

function toggleBox(szDivId, elem, msg1, msg2)
{
  var res = -1;  if (document.getElementById) {
    res = flip(document.getElementById(szDivId));
  }
  else if (document.all) {
    // this is the way old msie versions work
    res = flip(document.all[szDivId]);
  }
  if(elem) {
    if(res == 0) elem.innerHTML = msg1; else elem.innerHTML = msg2;
  }

}

function toggleAllBoxes() {
  if (document.getElementsByTagName) {
    d = document.getElementsByTagName('div');
    for (i = 0; i < d.length; i++) {
      if (d[i].className == 'log') {
        flip(d[i]);
      }
    }
  }
}

// -->
</script>

</head>
<body>
<h2 align='center'>Finance Test</h2><table border='1' align="center">
<tr>
<td>Tests passed/Failed/Skipped:</td><td>3/1/8</td>
</tr><tr>
<td>Started on:</td><td>Wed Jan 06 13:47:30 IST 2021</td>
</tr>
<tr><td>Total time:</td><td>917 seconds (917053 ms)</td>
</tr><tr>
<td>Included groups:</td><td></td>
</tr><tr>
<td>Excluded groups:</td><td></td>
</tr>
</table><p/>
<small><i>(Hover the method name to see the test class name)</i></small><p/>
<table width='100%' border='1' class='invocation-failed'>
<tr><td colspan='4' align='center'><b>FAILED CONFIGURATIONS</b></td></tr>
<tr><td><b>Test method</b></td>
<td width="30%"><b>Exception</b></td>
<td width="10%"><b>Time (seconds)</b></td>
<td><b>Instance</b></td>
</tr>
<tr>
<td title='com.financetest.LedgerAccountsTest.setup()'><b>setup</b><br>Test class: com.financetest.LedgerAccountsTest<br>Parameters: Chrome</td>
<td><div><pre>org.openqa.selenium.NoSuchWindowException: no such window: target window already closed
from unknown error: web view not found
  (Session info: chrome=87.0.4280.88)
Build info: version: &apos;3.141.59&apos;, revision: &apos;e82be7d358&apos;, time: &apos;2018-11-14T08:17:03&apos;
System info: host: &apos;DESKTOP-T777DIF&apos;, ip: &apos;192.168.43.17&apos;, os.name: &apos;Windows 10&apos;, os.arch: &apos;amd64&apos;, os.version: &apos;10.0&apos;, java.version: &apos;1.8.0_241&apos;
Driver info: org.openqa.selenium.chrome.ChromeDriver
Capabilities {acceptInsecureCerts: false, browserName: chrome, browserVersion: 87.0.4280.88, chrome: {chromedriverVersion: 87.0.4280.88 (89e2380a3e36c..., userDataDir: C:\Users\Admin\AppData\Loca...}, goog:chromeOptions: {debuggerAddress: localhost:51563}, javascriptEnabled: true, networkConnectionEnabled: false, pageLoadStrategy: normal, platform: WINDOWS, platformName: WINDOWS, proxy: Proxy(), setWindowRect: true, strictFileInteractability: false, timeouts: {implicit: 0, pageLoad: 300000, script: 30000}, unhandledPromptBehavior: dismiss and notify, webauthn:virtualAuthenticators: true}
Session ID: ba806242c5318a39d7bfba406a161e6d
	at org.openqa.selenium.remote.http.W3CHttpResponseCodec.createException(W3CHttpResponseCodec.java:187)
	at org.openqa.selenium.remote.http.W3CHttpResponseCodec.decode(W3CHttpResponseCodec.java:122)
	at org.openqa.selenium.remote.http.W3CHttpResponseCodec.decode(W3CHttpResponseCodec.java:49)
	at org.openqa.selenium.remote.HttpCommandExecutor.execute(HttpCommandExecutor.java:158)
	at org.openqa.selenium.remote.service.DriverCommandExecutor.execute(DriverCommandExecutor.java:83)
	at org.openqa.selenium.remote.RemoteWebDriver.execute(RemoteWebDriver.java:552)
	at org.openqa.selenium.remote.RemoteWebDriver.execute(RemoteWebDriver.java:609)
	at org.openqa.selenium.remote.RemoteWebDriver$RemoteWebDriverOptions$RemoteWindow.maximize(RemoteWebDriver.java:837)
	at com.base.Base.driverInitilization(Base.java:124)
	at com.base.Base.setup(Base.java:343)
... Removed 30 stack frames</pre></div><a href='#' onClick='toggleBox("stack-trace1370169059", this, "Click to show all stack frames", "Click to hide stack frames")'>Click to show all stack frames</a>
<div class='stack-trace' id='stack-trace1370169059'><pre>org.openqa.selenium.NoSuchWindowException: no such window: target window already closed
from unknown error: web view not found
  (Session info: chrome=87.0.4280.88)
Build info: version: &apos;3.141.59&apos;, revision: &apos;e82be7d358&apos;, time: &apos;2018-11-14T08:17:03&apos;
System info: host: &apos;DESKTOP-T777DIF&apos;, ip: &apos;192.168.43.17&apos;, os.name: &apos;Windows 10&apos;, os.arch: &apos;amd64&apos;, os.version: &apos;10.0&apos;, java.version: &apos;1.8.0_241&apos;
Driver info: org.openqa.selenium.chrome.ChromeDriver
Capabilities {acceptInsecureCerts: false, browserName: chrome, browserVersion: 87.0.4280.88, chrome: {chromedriverVersion: 87.0.4280.88 (89e2380a3e36c..., userDataDir: C:\Users\Admin\AppData\Loca...}, goog:chromeOptions: {debuggerAddress: localhost:51563}, javascriptEnabled: true, networkConnectionEnabled: false, pageLoadStrategy: normal, platform: WINDOWS, platformName: WINDOWS, proxy: Proxy(), setWindowRect: true, strictFileInteractability: false, timeouts: {implicit: 0, pageLoad: 300000, script: 30000}, unhandledPromptBehavior: dismiss and notify, webauthn:virtualAuthenticators: true}
Session ID: ba806242c5318a39d7bfba406a161e6d
	at sun.reflect.NativeConstructorAccessorImpl.newInstance0(Native Method)
	at sun.reflect.NativeConstructorAccessorImpl.newInstance(Unknown Source)
	at sun.reflect.DelegatingConstructorAccessorImpl.newInstance(Unknown Source)
	at java.lang.reflect.Constructor.newInstance(Unknown Source)
	at org.openqa.selenium.remote.http.W3CHttpResponseCodec.createException(W3CHttpResponseCodec.java:187)
	at org.openqa.selenium.remote.http.W3CHttpResponseCodec.decode(W3CHttpResponseCodec.java:122)
	at org.openqa.selenium.remote.http.W3CHttpResponseCodec.decode(W3CHttpResponseCodec.java:49)
	at org.openqa.selenium.remote.HttpCommandExecutor.execute(HttpCommandExecutor.java:158)
	at org.openqa.selenium.remote.service.DriverCommandExecutor.execute(DriverCommandExecutor.java:83)
	at org.openqa.selenium.remote.RemoteWebDriver.execute(RemoteWebDriver.java:552)
	at org.openqa.selenium.remote.RemoteWebDriver.execute(RemoteWebDriver.java:609)
	at org.openqa.selenium.remote.RemoteWebDriver$RemoteWebDriverOptions$RemoteWindow.maximize(RemoteWebDriver.java:837)
	at com.base.Base.driverInitilization(Base.java:124)
	at com.base.Base.setup(Base.java:343)
	at sun.reflect.NativeMethodAccessorImpl.invoke0(Native Method)
	at sun.reflect.NativeMethodAccessorImpl.invoke(Unknown Source)
	at sun.reflect.DelegatingMethodAccessorImpl.invoke(Unknown Source)
	at java.lang.reflect.Method.invoke(Unknown Source)
	at org.testng.internal.MethodInvocationHelper.invokeMethod(MethodInvocationHelper.java:86)
	at org.testng.internal.Invoker.invokeConfigurationMethod(Invoker.java:514)
	at org.testng.internal.Invoker.invokeConfigurations(Invoker.java:215)
	at org.testng.internal.Invoker.invokeMethod(Invoker.java:589)
	at org.testng.internal.Invoker.invokeTestMethod(Invoker.java:822)
	at org.testng.internal.Invoker.invokeTestMethods(Invoker.java:1130)
	at org.testng.internal.TestMethodWorker.invokeTestMethods(TestMethodWorker.java:129)
	at org.testng.internal.TestMethodWorker.run(TestMethodWorker.java:112)
	at org.testng.TestRunner.privateRun(TestRunner.java:782)
	at org.testng.TestRunner.run(TestRunner.java:632)
	at org.testng.SuiteRunner.runTest(SuiteRunner.java:366)
	at org.testng.SuiteRunner.runSequentially(SuiteRunner.java:361)
	at org.testng.SuiteRunner.privateRun(SuiteRunner.java:319)
	at org.testng.SuiteRunner.run(SuiteRunner.java:268)
	at org.testng.SuiteRunnerWorker.runSuite(SuiteRunnerWorker.java:52)
	at org.testng.SuiteRunnerWorker.run(SuiteRunnerWorker.java:86)
	at org.testng.TestNG.runSuitesSequentially(TestNG.java:1244)
	at org.testng.TestNG.runSuitesLocally(TestNG.java:1169)
	at org.testng.TestNG.run(TestNG.java:1064)
	at org.testng.remote.RemoteTestNG.run(RemoteTestNG.java:113)
	at org.testng.remote.RemoteTestNG.initAndRun(RemoteTestNG.java:206)
	at org.testng.remote.RemoteTestNG.main(RemoteTestNG.java:177)
</pre></div></td>
<td>0</td>
<td>com.financetest.LedgerAccountsTest@3567135c</td></tr>
</table><p>
<table width='100%' border='1' class='invocation-skipped'>
<tr><td colspan='4' align='center'><b>SKIPPED CONFIGURATIONS</b></td></tr>
<tr><td><b>Test method</b></td>
<td width="30%"><b>Exception</b></td>
<td width="10%"><b>Time (seconds)</b></td>
<td><b>Instance</b></td>
</tr>
<tr>
<td title='com.financetest.LedgerAccountsTest.setup()'><b>setup</b><br>Test class: com.financetest.LedgerAccountsTest</td>
<td></td>
<td>0</td>
<td>com.financetest.LedgerAccountsTest@3567135c</td></tr>
<tr>
<td title='com.financetest.LedgerAccountsTest.setup()'><b>setup</b><br>Test class: com.financetest.LedgerAccountsTest</td>
<td></td>
<td>0</td>
<td>com.financetest.LedgerAccountsTest@3567135c</td></tr>
<tr>
<td title='com.financetest.LedgerAccountsTest.setup()'><b>setup</b><br>Test class: com.financetest.LedgerAccountsTest</td>
<td></td>
<td>0</td>
<td>com.financetest.LedgerAccountsTest@3567135c</td></tr>
<tr>
<td title='com.financetest.OpeningBalanceTest.setup()'><b>setup</b><br>Test class: com.financetest.OpeningBalanceTest</td>
<td></td>
<td>0</td>
<td>com.financetest.OpeningBalanceTest@327471b5</td></tr>
<tr>
<td title='com.financetest.ProfitLossTest.setup()'><b>setup</b><br>Test class: com.financetest.ProfitLossTest</td>
<td></td>
<td>0</td>
<td>com.financetest.ProfitLossTest@4157f54e</td></tr>
<tr>
<td title='com.financetest.TrialBalanceTest.setup()'><b>setup</b><br>Test class: com.financetest.TrialBalanceTest</td>
<td></td>
<td>0</td>
<td>com.financetest.TrialBalanceTest@90f6bfd</td></tr>
<tr>
<td title='com.financetest.TrialBalanceTest.setup()'><b>setup</b><br>Test class: com.financetest.TrialBalanceTest</td>
<td></td>
<td>0</td>
<td>com.financetest.TrialBalanceTest@90f6bfd</td></tr>
<tr>
<td title='com.financetest.LedgerAccountsTest.tearDown()'><b>tearDown</b><br>Test class: com.financetest.LedgerAccountsTest</td>
<td></td>
<td>0</td>
<td>com.financetest.LedgerAccountsTest@3567135c</td></tr>
<tr>
<td title='com.financetest.LedgerAccountsTest.tearDown()'><b>tearDown</b><br>Test class: com.financetest.LedgerAccountsTest</td>
<td></td>
<td>0</td>
<td>com.financetest.LedgerAccountsTest@3567135c</td></tr>
<tr>
<td title='com.financetest.LedgerAccountsTest.tearDown()'><b>tearDown</b><br>Test class: com.financetest.LedgerAccountsTest</td>
<td></td>
<td>0</td>
<td>com.financetest.LedgerAccountsTest@3567135c</td></tr>
<tr>
<td title='com.financetest.LedgerAccountsTest.tearDown()'><b>tearDown</b><br>Test class: com.financetest.LedgerAccountsTest</td>
<td></td>
<td>0</td>
<td>com.financetest.LedgerAccountsTest@3567135c</td></tr>
<tr>
<td title='com.financetest.OpeningBalanceTest.tearDown()'><b>tearDown</b><br>Test class: com.financetest.OpeningBalanceTest</td>
<td></td>
<td>0</td>
<td>com.financetest.OpeningBalanceTest@327471b5</td></tr>
<tr>
<td title='com.financetest.ProfitLossTest.tearDown()'><b>tearDown</b><br>Test class: com.financetest.ProfitLossTest</td>
<td></td>
<td>0</td>
<td>com.financetest.ProfitLossTest@4157f54e</td></tr>
<tr>
<td title='com.financetest.TrialBalanceTest.tearDown()'><b>tearDown</b><br>Test class: com.financetest.TrialBalanceTest</td>
<td></td>
<td>0</td>
<td>com.financetest.TrialBalanceTest@90f6bfd</td></tr>
<tr>
<td title='com.financetest.TrialBalanceTest.tearDown()'><b>tearDown</b><br>Test class: com.financetest.TrialBalanceTest</td>
<td></td>
<td>0</td>
<td>com.financetest.TrialBalanceTest@90f6bfd</td></tr>
</table><p>
<table width='100%' border='1' class='invocation-failed'>
<tr><td colspan='4' align='center'><b>FAILED TESTS</b></td></tr>
<tr><td><b>Test method</b></td>
<td width="30%"><b>Exception</b></td>
<td width="10%"><b>Time (seconds)</b></td>
<td><b>Instance</b></td>
</tr>
<tr>
<td title='com.financetest.JournalsTest.VerificationJournal()'><b>VerificationJournal</b><br>Test class: com.financetest.JournalsTest</td>
<td><div><pre>org.openqa.selenium.NoSuchElementException: Cannot locate an element using xpath=(//*[@class=&quot;ant-col ant-col-12&quot;])[3]
For documentation on this error, please visit: https://www.seleniumhq.org/exceptions/no_such_element.html
Build info: version: &apos;3.141.59&apos;, revision: &apos;e82be7d358&apos;, time: &apos;2018-11-14T08:17:03&apos;
System info: host: &apos;DESKTOP-T777DIF&apos;, ip: &apos;192.168.43.17&apos;, os.name: &apos;Windows 10&apos;, os.arch: &apos;amd64&apos;, os.version: &apos;10.0&apos;, java.version: &apos;1.8.0_241&apos;
Driver info: driver.version: RemoteWebDriver
	at org.openqa.selenium.remote.RemoteWebDriver.findElement(RemoteWebDriver.java:327)
	at org.openqa.selenium.remote.RemoteWebDriver.findElementByXPath(RemoteWebDriver.java:428)
	at org.openqa.selenium.By$ByXPath.findElement(By.java:353)
	at org.openqa.selenium.remote.RemoteWebDriver.findElement(RemoteWebDriver.java:315)
	at org.openqa.selenium.support.pagefactory.DefaultElementLocator.findElement(DefaultElementLocator.java:69)
	at org.openqa.selenium.support.pagefactory.internal.LocatingElementHandler.invoke(LocatingElementHandler.java:38)
	at com.sun.proxy.$Proxy12.getText(Unknown Source)
	at com.financepage.JournalsDetailsPage.JournalPageVerification(JournalsDetailsPage.java:143)
	at com.financetest.JournalsTest.VerificationJournal(JournalsTest.java:23)
... Removed 24 stack frames</pre></div><a href='#' onClick='toggleBox("stack-trace856432481", this, "Click to show all stack frames", "Click to hide stack frames")'>Click to show all stack frames</a>
<div class='stack-trace' id='stack-trace856432481'><pre>org.openqa.selenium.NoSuchElementException: Cannot locate an element using xpath=(//*[@class=&quot;ant-col ant-col-12&quot;])[3]
For documentation on this error, please visit: https://www.seleniumhq.org/exceptions/no_such_element.html
Build info: version: &apos;3.141.59&apos;, revision: &apos;e82be7d358&apos;, time: &apos;2018-11-14T08:17:03&apos;
System info: host: &apos;DESKTOP-T777DIF&apos;, ip: &apos;192.168.43.17&apos;, os.name: &apos;Windows 10&apos;, os.arch: &apos;amd64&apos;, os.version: &apos;10.0&apos;, java.version: &apos;1.8.0_241&apos;
Driver info: driver.version: RemoteWebDriver
	at org.openqa.selenium.remote.RemoteWebDriver.findElement(RemoteWebDriver.java:327)
	at org.openqa.selenium.remote.RemoteWebDriver.findElementByXPath(RemoteWebDriver.java:428)
	at org.openqa.selenium.By$ByXPath.findElement(By.java:353)
	at org.openqa.selenium.remote.RemoteWebDriver.findElement(RemoteWebDriver.java:315)
	at org.openqa.selenium.support.pagefactory.DefaultElementLocator.findElement(DefaultElementLocator.java:69)
	at org.openqa.selenium.support.pagefactory.internal.LocatingElementHandler.invoke(LocatingElementHandler.java:38)
	at com.sun.proxy.$Proxy12.getText(Unknown Source)
	at com.financepage.JournalsDetailsPage.JournalPageVerification(JournalsDetailsPage.java:143)
	at com.financetest.JournalsTest.VerificationJournal(JournalsTest.java:23)
	at sun.reflect.NativeMethodAccessorImpl.invoke0(Native Method)
	at sun.reflect.NativeMethodAccessorImpl.invoke(Unknown Source)
	at sun.reflect.DelegatingMethodAccessorImpl.invoke(Unknown Source)
	at java.lang.reflect.Method.invoke(Unknown Source)
	at org.testng.internal.MethodInvocationHelper.invokeMethod(MethodInvocationHelper.java:86)
	at org.testng.internal.Invoker.invokeMethod(Invoker.java:645)
	at org.testng.internal.Invoker.invokeTestMethod(Invoker.java:822)
	at org.testng.internal.Invoker.invokeTestMethods(Invoker.java:1130)
	at org.testng.internal.TestMethodWorker.invokeTestMethods(TestMethodWorker.java:129)
	at org.testng.internal.TestMethodWorker.run(TestMethodWorker.java:112)
	at org.testng.TestRunner.privateRun(TestRunner.java:782)
	at org.testng.TestRunner.run(TestRunner.java:632)
	at org.testng.SuiteRunner.runTest(SuiteRunner.java:366)
	at org.testng.SuiteRunner.runSequentially(SuiteRunner.java:361)
	at org.testng.SuiteRunner.privateRun(SuiteRunner.java:319)
	at org.testng.SuiteRunner.run(SuiteRunner.java:268)
	at org.testng.SuiteRunnerWorker.runSuite(SuiteRunnerWorker.java:52)
	at org.testng.SuiteRunnerWorker.run(SuiteRunnerWorker.java:86)
	at org.testng.TestNG.runSuitesSequentially(TestNG.java:1244)
	at org.testng.TestNG.runSuitesLocally(TestNG.java:1169)
	at org.testng.TestNG.run(TestNG.java:1064)
	at org.testng.remote.RemoteTestNG.run(RemoteTestNG.java:113)
	at org.testng.remote.RemoteTestNG.initAndRun(RemoteTestNG.java:206)
	at org.testng.remote.RemoteTestNG.main(RemoteTestNG.java:177)
</pre></div></td>
<td>742</td>
<td>com.financetest.JournalsTest@6be46e8f</td></tr>
</table><p>
<table width='100%' border='1' class='invocation-passed'>
<tr><td colspan='4' align='center'><b>PASSED TESTS</b></td></tr>
<tr><td><b>Test method</b></td>
<td width="30%"><b>Exception</b></td>
<td width="10%"><b>Time (seconds)</b></td>
<td><b>Instance</b></td>
</tr>
<tr>
<td title='com.financetest.BalanceSheetTest.VerificationAdditionCategory()'><b>VerificationAdditionCategory</b><br>Test class: com.financetest.BalanceSheetTest</td>
<td></td>
<td>11</td>
<td>com.financetest.BalanceSheetTest@2d554825</td></tr>
<tr>
<td title='com.financetest.BalanceSheetTest.VerificationCategory()'><b>VerificationCategory</b><br>Test class: com.financetest.BalanceSheetTest</td>
<td></td>
<td>67</td>
<td>com.financetest.BalanceSheetTest@2d554825</td></tr>
<tr>
<td title='com.financetest.BusinessExpenseTest.VerificationCategory()'><b>VerificationCategory</b><br>Test class: com.financetest.BusinessExpenseTest</td>
<td></td>
<td>21</td>
<td>com.financetest.BusinessExpenseTest@68837a77</td></tr>
</table><p>
<table width='100%' border='1' class='invocation-skipped'>
<tr><td colspan='4' align='center'><b>SKIPPED TESTS</b></td></tr>
<tr><td><b>Test method</b></td>
<td width="30%"><b>Exception</b></td>
<td width="10%"><b>Time (seconds)</b></td>
<td><b>Instance</b></td>
</tr>
<tr>
<td title='com.financetest.LedgerAccountsTest.VerificationCategory()'><b>VerificationCategory</b><br>Test class: com.financetest.LedgerAccountsTest</td>
<td></td>
<td>0</td>
<td>com.financetest.LedgerAccountsTest@3567135c</td></tr>
<tr>
<td title='com.financetest.LedgerAccountsTest.VerificationCreationLedger()'><b>VerificationCreationLedger</b><br>Test class: com.financetest.LedgerAccountsTest</td>
<td></td>
<td>0</td>
<td>com.financetest.LedgerAccountsTest@3567135c</td></tr>
<tr>
<td title='com.financetest.LedgerAccountsTest.VerificationLedgerCreeation()'><b>VerificationLedgerCreeation</b><br>Test class: com.financetest.LedgerAccountsTest</td>
<td></td>
<td>0</td>
<td>com.financetest.LedgerAccountsTest@3567135c</td></tr>
<tr>
<td title='com.financetest.LedgerAccountsTest.VerificationLedgerGropuCreeation()'><b>VerificationLedgerGropuCreeation</b><br>Test class: com.financetest.LedgerAccountsTest</td>
<td></td>
<td>0</td>
<td>com.financetest.LedgerAccountsTest@3567135c</td></tr>
<tr>
<td title='com.financetest.OpeningBalanceTest.VerificationOpeningBalance()'><b>VerificationOpeningBalance</b><br>Test class: com.financetest.OpeningBalanceTest</td>
<td></td>
<td>0</td>
<td>com.financetest.OpeningBalanceTest@327471b5</td></tr>
<tr>
<td title='com.financetest.ProfitLossTest.VerificationProfitLoss()'><b>VerificationProfitLoss</b><br>Test class: com.financetest.ProfitLossTest</td>
<td></td>
<td>0</td>
<td>com.financetest.ProfitLossTest@4157f54e</td></tr>
<tr>
<td title='com.financetest.TrialBalanceTest.VerificationTrialBalance()'><b>VerificationTrialBalance</b><br>Test class: com.financetest.TrialBalanceTest</td>
<td></td>
<td>0</td>
<td>com.financetest.TrialBalanceTest@90f6bfd</td></tr>
<tr>
<td title='com.financetest.TrialBalanceTest.VerificationTrialBalanceAddition()'><b>VerificationTrialBalanceAddition</b><br>Test class: com.financetest.TrialBalanceTest</td>
<td></td>
<td>0</td>
<td>com.financetest.TrialBalanceTest@90f6bfd</td></tr>
</table><p>
</body>
</html>