<<<<<<< HEAD
<?xml version="1.0" encoding="UTF-8"?>
<!-- Generated by org.testng.reporters.JUnitXMLReporter -->
<testsuite hostname="DESKTOP-FUIS2AN" ignored="14" name="PS Test" tests="6" failures="0" timestamp="2020-05-18T19:46:40 IST" time="8.471" errors="0">
  <testcase name="@BeforeMethod setup" time="8.273" classname="com.PS.base.Base">
=======
<?xml version="1.0" encoding="UTF-8"?>
<!-- Generated by org.testng.reporters.JUnitXMLReporter -->
<testsuite hostname="DESKTOP-FUIS2AN" ignored="14" name="PS Test" tests="6" failures="0" timestamp="2020-05-18T19:46:40 IST" time="8.471" errors="0">
  <testcase name="@BeforeMethod setup" time="8.273" classname="com.PS.base.Base">
>>>>>>> 7856ad89e56d152424925bfc01b2d7f19ea61bdd
    <failure type="org.openqa.selenium.WebDriverException" message="unknown error: cannot determine loading status
from disconnected: received Inspector.detached event
  (Session info: chrome=81.0.4044.138)
Build info: version: &amp;apos;3.141.59&amp;apos;, revision: &amp;apos;e82be7d358&amp;apos;, time: &amp;apos;2018-11-14T08:25:53&amp;apos;
System info: host: &amp;apos;DESKTOP-FUIS2AN&amp;apos;, ip: &amp;apos;192.168.43.56&amp;apos;, os.name: &amp;apos;Windows 10&amp;apos;, os.arch: &amp;apos;amd64&amp;apos;, os.version: &amp;apos;10.0&amp;apos;, java.version: &amp;apos;1.8.0_66&amp;apos;
Driver info: org.openqa.selenium.chrome.ChromeDriver
Capabilities {acceptInsecureCerts: false, browserName: chrome, browserVersion: 81.0.4044.138, chrome: {chromedriverVersion: 80.0.3987.16 (320f6526c1632..., userDataDir: C:\Users\Admin\AppData\Loca...}, goog:chromeOptions: {debuggerAddress: localhost:64332}, javascriptEnabled: true, networkConnectionEnabled: false, pageLoadStrategy: normal, platform: WINDOWS, platformName: WINDOWS, proxy: Proxy(), setWindowRect: true, strictFileInteractability: false, timeouts: {implicit: 0, pageLoad: 300000, script: 30000}, unhandledPromptBehavior: dismiss and notify}
<<<<<<< HEAD
Session ID: 23199f96f75c737cc105c2d1912c4862">
      <![CDATA[org.openqa.selenium.WebDriverException: unknown error: cannot determine loading status
from disconnected: received Inspector.detached event
  (Session info: chrome=81.0.4044.138)
Build info: version: '3.141.59', revision: 'e82be7d358', time: '2018-11-14T08:25:53'
System info: host: 'DESKTOP-FUIS2AN', ip: '192.168.43.56', os.name: 'Windows 10', os.arch: 'amd64', os.version: '10.0', java.version: '1.8.0_66'
Driver info: org.openqa.selenium.chrome.ChromeDriver
Capabilities {acceptInsecureCerts: false, browserName: chrome, browserVersion: 81.0.4044.138, chrome: {chromedriverVersion: 80.0.3987.16 (320f6526c1632..., userDataDir: C:\Users\Admin\AppData\Loca...}, goog:chromeOptions: {debuggerAddress: localhost:64332}, javascriptEnabled: true, networkConnectionEnabled: false, pageLoadStrategy: normal, platform: WINDOWS, platformName: WINDOWS, proxy: Proxy(), setWindowRect: true, strictFileInteractability: false, timeouts: {implicit: 0, pageLoad: 300000, script: 30000}, unhandledPromptBehavior: dismiss and notify}
Session ID: 23199f96f75c737cc105c2d1912c4862
at org.openqa.selenium.remote.http.W3CHttpResponseCodec.createException(W3CHttpResponseCodec.java:187)
at org.openqa.selenium.remote.http.W3CHttpResponseCodec.decode(W3CHttpResponseCodec.java:122)
at org.openqa.selenium.remote.http.W3CHttpResponseCodec.decode(W3CHttpResponseCodec.java:49)
at org.openqa.selenium.remote.HttpCommandExecutor.execute(HttpCommandExecutor.java:158)
at org.openqa.selenium.remote.service.DriverCommandExecutor.execute(DriverCommandExecutor.java:83)
at org.openqa.selenium.remote.RemoteWebDriver.execute(RemoteWebDriver.java:552)
at org.openqa.selenium.remote.RemoteWebDriver.get(RemoteWebDriver.java:277)
at com.PS.base.Base.driverInitilization(Base.java:121)
at com.PS.base.Base.setup(Base.java:260)
at java.util.ArrayList.forEach(Unknown Source)
... Removed 35 stack frames]]>
    </failure>
  </testcase> <!-- @BeforeMethod setup -->
  <testcase name="@BeforeMethod setup" time="-1.58981140003E9" classname="com.PS.base.Base">
    <skipped/>
  </testcase> <!-- @BeforeMethod setup -->
  <testcase name="@BeforeMethod setup" time="-1.589811400051E9" classname="com.PS.base.Base">
    <skipped/>
  </testcase> <!-- @BeforeMethod setup -->
  <testcase name="@BeforeMethod setup" time="-1.589811400064E9" classname="com.PS.base.Base">
    <skipped/>
  </testcase> <!-- @BeforeMethod setup -->
  <testcase name="@BeforeMethod setup" time="-1.5898114001E9" classname="com.PS.base.Base">
    <skipped/>
  </testcase> <!-- @BeforeMethod setup -->
  <testcase name="@BeforeMethod setup" time="-1.589811400125E9" classname="com.PS.base.Base">
    <skipped/>
  </testcase> <!-- @BeforeMethod setup -->
  <testcase name="TransactionAllValidation" time="0.0" classname="com.PS.tests.CustomerDetailsTest">
    <skipped/>
  </testcase> <!-- TransactionAllValidation -->
  <testcase name="TransactionSalesOrderValidation" time="0.0" classname="com.PS.tests.CustomerDetailsTest">
    <skipped/>
  </testcase> <!-- TransactionSalesOrderValidation -->
  <testcase name="TransactionCreditMemoValidation" time="0.0" classname="com.PS.tests.CustomerDetailsTest">
    <skipped/>
  </testcase> <!-- TransactionCreditMemoValidation -->
  <testcase name="TransactionPaymentValidation" time="0.0" classname="com.PS.tests.CustomerDetailsTest">
    <skipped/>
  </testcase> <!-- TransactionPaymentValidation -->
  <testcase name="ExcelDownloadValidation" time="0.0" classname="com.PS.tests.CustomerDetailsTest">
    <skipped/>
  </testcase> <!-- ExcelDownloadValidation -->
  <testcase name="PdfDownloadValidation" time="0.0" classname="com.PS.tests.CustomerDetailsTest">
    <skipped/>
  </testcase> <!-- PdfDownloadValidation -->
  <testcase name="CustomerDelete1" time="0.0" classname="com.PS.tests.CustomerDetailsTest">
    <ignored/>
  </testcase> <!-- CustomerDelete1 -->
  <testcase name="CustomerDelete2" time="0.0" classname="com.PS.tests.CustomerDetailsTest">
    <ignored/>
  </testcase> <!-- CustomerDelete2 -->
  <testcase name="CreateCustomerNegative" time="0.0" classname="com.PS.tests.CustomerDetailsTest">
    <ignored/>
  </testcase> <!-- CreateCustomerNegative -->
  <testcase name="CreateCustomer" time="0.0" classname="com.PS.tests.CustomerDetailsTest">
    <ignored/>
  </testcase> <!-- CreateCustomer -->
  <testcase name="UploadCustomer" time="0.0" classname="com.PS.tests.CustomerDetailsTest">
    <ignored/>
  </testcase> <!-- UploadCustomer -->
  <testcase name="CustomerLogActivity" time="0.0" classname="com.PS.tests.CustomerDetailsTest">
    <ignored/>
  </testcase> <!-- CustomerLogActivity -->
  <testcase name="CustomerCreditMemo" time="0.0" classname="com.PS.tests.CustomerDetailsTest">
    <ignored/>
  </testcase> <!-- CustomerCreditMemo -->
  <testcase name="UpdateCustomer" time="0.0" classname="com.PS.tests.CustomerDetailsTest">
    <ignored/>
  </testcase> <!-- UpdateCustomer -->
  <testcase name="CustomerLogCommunication" time="0.0" classname="com.PS.tests.CustomerDetailsTest">
    <ignored/>
  </testcase> <!-- CustomerLogCommunication -->
  <testcase name="ShowContactValidation" time="0.0" classname="com.PS.tests.CustomerDetailsTest">
    <ignored/>
  </testcase> <!-- ShowContactValidation -->
  <testcase name="CustomerSalesOrder" time="0.0" classname="com.PS.tests.CustomerDetailsTest">
    <ignored/>
  </testcase> <!-- CustomerSalesOrder -->
  <testcase name="ShowAddrerssValidation" time="0.0" classname="com.PS.tests.CustomerDetailsTest">
    <ignored/>
  </testcase> <!-- ShowAddrerssValidation -->
  <testcase name="searchCustomer" time="0.0" classname="com.PS.tests.CustomerDetailsTest">
    <ignored/>
  </testcase> <!-- searchCustomer -->
  <testcase name="CustomerSalesInvoice" time="0.0" classname="com.PS.tests.CustomerDetailsTest">
    <ignored/>
  </testcase> <!-- CustomerSalesInvoice -->
</testsuite> <!-- PS Test -->
=======
Session ID: 23199f96f75c737cc105c2d1912c4862">
      <![CDATA[org.openqa.selenium.WebDriverException: unknown error: cannot determine loading status
from disconnected: received Inspector.detached event
  (Session info: chrome=81.0.4044.138)
Build info: version: '3.141.59', revision: 'e82be7d358', time: '2018-11-14T08:25:53'
System info: host: 'DESKTOP-FUIS2AN', ip: '192.168.43.56', os.name: 'Windows 10', os.arch: 'amd64', os.version: '10.0', java.version: '1.8.0_66'
Driver info: org.openqa.selenium.chrome.ChromeDriver
Capabilities {acceptInsecureCerts: false, browserName: chrome, browserVersion: 81.0.4044.138, chrome: {chromedriverVersion: 80.0.3987.16 (320f6526c1632..., userDataDir: C:\Users\Admin\AppData\Loca...}, goog:chromeOptions: {debuggerAddress: localhost:64332}, javascriptEnabled: true, networkConnectionEnabled: false, pageLoadStrategy: normal, platform: WINDOWS, platformName: WINDOWS, proxy: Proxy(), setWindowRect: true, strictFileInteractability: false, timeouts: {implicit: 0, pageLoad: 300000, script: 30000}, unhandledPromptBehavior: dismiss and notify}
Session ID: 23199f96f75c737cc105c2d1912c4862
at org.openqa.selenium.remote.http.W3CHttpResponseCodec.createException(W3CHttpResponseCodec.java:187)
at org.openqa.selenium.remote.http.W3CHttpResponseCodec.decode(W3CHttpResponseCodec.java:122)
at org.openqa.selenium.remote.http.W3CHttpResponseCodec.decode(W3CHttpResponseCodec.java:49)
at org.openqa.selenium.remote.HttpCommandExecutor.execute(HttpCommandExecutor.java:158)
at org.openqa.selenium.remote.service.DriverCommandExecutor.execute(DriverCommandExecutor.java:83)
at org.openqa.selenium.remote.RemoteWebDriver.execute(RemoteWebDriver.java:552)
at org.openqa.selenium.remote.RemoteWebDriver.get(RemoteWebDriver.java:277)
at com.PS.base.Base.driverInitilization(Base.java:121)
at com.PS.base.Base.setup(Base.java:260)
at java.util.ArrayList.forEach(Unknown Source)
... Removed 35 stack frames]]>
    </failure>
  </testcase> <!-- @BeforeMethod setup -->
  <testcase name="@BeforeMethod setup" time="-1.58981140003E9" classname="com.PS.base.Base">
    <skipped/>
  </testcase> <!-- @BeforeMethod setup -->
  <testcase name="@BeforeMethod setup" time="-1.589811400051E9" classname="com.PS.base.Base">
    <skipped/>
  </testcase> <!-- @BeforeMethod setup -->
  <testcase name="@BeforeMethod setup" time="-1.589811400064E9" classname="com.PS.base.Base">
    <skipped/>
  </testcase> <!-- @BeforeMethod setup -->
  <testcase name="@BeforeMethod setup" time="-1.5898114001E9" classname="com.PS.base.Base">
    <skipped/>
  </testcase> <!-- @BeforeMethod setup -->
  <testcase name="@BeforeMethod setup" time="-1.589811400125E9" classname="com.PS.base.Base">
    <skipped/>
  </testcase> <!-- @BeforeMethod setup -->
  <testcase name="TransactionAllValidation" time="0.0" classname="com.PS.tests.CustomerDetailsTest">
    <skipped/>
  </testcase> <!-- TransactionAllValidation -->
  <testcase name="TransactionSalesOrderValidation" time="0.0" classname="com.PS.tests.CustomerDetailsTest">
    <skipped/>
  </testcase> <!-- TransactionSalesOrderValidation -->
  <testcase name="TransactionCreditMemoValidation" time="0.0" classname="com.PS.tests.CustomerDetailsTest">
    <skipped/>
  </testcase> <!-- TransactionCreditMemoValidation -->
  <testcase name="TransactionPaymentValidation" time="0.0" classname="com.PS.tests.CustomerDetailsTest">
    <skipped/>
  </testcase> <!-- TransactionPaymentValidation -->
  <testcase name="ExcelDownloadValidation" time="0.0" classname="com.PS.tests.CustomerDetailsTest">
    <skipped/>
  </testcase> <!-- ExcelDownloadValidation -->
  <testcase name="PdfDownloadValidation" time="0.0" classname="com.PS.tests.CustomerDetailsTest">
    <skipped/>
  </testcase> <!-- PdfDownloadValidation -->
  <testcase name="CustomerDelete1" time="0.0" classname="com.PS.tests.CustomerDetailsTest">
    <ignored/>
  </testcase> <!-- CustomerDelete1 -->
  <testcase name="CustomerDelete2" time="0.0" classname="com.PS.tests.CustomerDetailsTest">
    <ignored/>
  </testcase> <!-- CustomerDelete2 -->
  <testcase name="CreateCustomerNegative" time="0.0" classname="com.PS.tests.CustomerDetailsTest">
    <ignored/>
  </testcase> <!-- CreateCustomerNegative -->
  <testcase name="CreateCustomer" time="0.0" classname="com.PS.tests.CustomerDetailsTest">
    <ignored/>
  </testcase> <!-- CreateCustomer -->
  <testcase name="UploadCustomer" time="0.0" classname="com.PS.tests.CustomerDetailsTest">
    <ignored/>
  </testcase> <!-- UploadCustomer -->
  <testcase name="CustomerLogActivity" time="0.0" classname="com.PS.tests.CustomerDetailsTest">
    <ignored/>
  </testcase> <!-- CustomerLogActivity -->
  <testcase name="CustomerCreditMemo" time="0.0" classname="com.PS.tests.CustomerDetailsTest">
    <ignored/>
  </testcase> <!-- CustomerCreditMemo -->
  <testcase name="UpdateCustomer" time="0.0" classname="com.PS.tests.CustomerDetailsTest">
    <ignored/>
  </testcase> <!-- UpdateCustomer -->
  <testcase name="CustomerLogCommunication" time="0.0" classname="com.PS.tests.CustomerDetailsTest">
    <ignored/>
  </testcase> <!-- CustomerLogCommunication -->
  <testcase name="ShowContactValidation" time="0.0" classname="com.PS.tests.CustomerDetailsTest">
    <ignored/>
  </testcase> <!-- ShowContactValidation -->
  <testcase name="CustomerSalesOrder" time="0.0" classname="com.PS.tests.CustomerDetailsTest">
    <ignored/>
  </testcase> <!-- CustomerSalesOrder -->
  <testcase name="ShowAddrerssValidation" time="0.0" classname="com.PS.tests.CustomerDetailsTest">
    <ignored/>
  </testcase> <!-- ShowAddrerssValidation -->
  <testcase name="searchCustomer" time="0.0" classname="com.PS.tests.CustomerDetailsTest">
    <ignored/>
  </testcase> <!-- searchCustomer -->
  <testcase name="CustomerSalesInvoice" time="0.0" classname="com.PS.tests.CustomerDetailsTest">
    <ignored/>
  </testcase> <!-- CustomerSalesInvoice -->
</testsuite> <!-- PS Test -->
>>>>>>> 7856ad89e56d152424925bfc01b2d7f19ea61bdd
